<?xml version="1.0" encoding="UTF-8"?>
<!-- Generated by org.testng.reporters.JUnitXMLReporter -->
<testsuite ignored="0" hostname="DESKTOP-4FFSB6U" failures="1" tests="1" name="RegestrationTest" time="0.07" errors="0" timestamp="2025-06-15T21:05:22 IST">
  <testcase classname="TestScripts.TC001CheckUserCanRegister" name="register" time="0.0">
    <failure type="java.lang.RuntimeException" message="java.io.FileNotFoundException: .\commoData\Book1.xlsx (The system cannot find the path specified)">
      <![CDATA[java.lang.RuntimeException: java.io.FileNotFoundException: .\commoData\Book1.xlsx (The system cannot find the path specified)
at java.base/java.util.ArrayList.forEach(ArrayList.java:1597)
Caused by: java.io.FileNotFoundException: .\commoData\Book1.xlsx (The system cannot find the path specified)
at java.base/java.io.FileInputStream.open0(Native Method)
at java.base/java.io.FileInputStream.open(FileInputStream.java:219)
at java.base/java.io.FileInputStream.<init>(FileInputStream.java:159)
at java.base/java.io.FileInputStream.<init>(FileInputStream.java:112)
at genericlibrary.DataUtility.getAllData(DataUtility.java:28)
at TestScripts.TC001CheckUserCanRegister.dataProvider(TC001CheckUserCanRegister.java:43)
... 25 more
... Removed 30 stack frames]]>
    </failure>
  </testcase> <!-- register -->
</testsuite> <!-- RegestrationTest -->
