<?xml version="1.0" encoding="UTF-8"?>
<!-- Generated by org.testng.reporters.JUnitXMLReporter -->
<testsuite ignored="0" hostname="DESKTOP-4FFSB6U" failures="1" tests="1" name="Test2" time="82.922" errors="0" timestamp="2025-06-24T20:44:57 IST">
  <testcase classname="TestScripts.ToCheckAddAndRemoveFromCart" name="checkCart" time="17.486">
    <failure type="java.lang.AssertionError" message="All are not removed expected [true] but found [false]">
      <![CDATA[java.lang.AssertionError: All are not removed expected [true] but found [false]
at TestScripts.ToCheckAddAndRemoveFromCart.checkCart(ToCheckAddAndRemoveFromCart.java:41)
at java.base/java.util.concurrent.Executors$RunnableAdapter.call(Executors.java:572)
at java.base/java.util.concurrent.FutureTask.run(FutureTask.java:317)
at java.base/java.util.concurrent.ThreadPoolExecutor.runWorker(ThreadPoolExecutor.java:1144)
at java.base/java.util.concurrent.ThreadPoolExecutor$Worker.run(ThreadPoolExecutor.java:642)
at java.base/java.lang.Thread.run(Thread.java:1575)
... Removed 14 stack frames]]>
    </failure>
  </testcase> <!-- checkCart -->
</testsuite> <!-- Test2 -->
