<?xml version="1.0" encoding="UTF-8"?>
<testng-results ignored="0" total="1" passed="1" failed="0" skipped="0">
  <reporter-output>
  </reporter-output>
  <suite started-at="2025-07-26T20:29:37 IST" name="Default suite" finished-at="2025-07-26T20:30:02 IST" duration-ms="25346">
    <groups>
      <group name="smoke">
        <method signature="ToCheckAddAndRemoveFromCart.checkCart()[pri:0, instance:TestScripts.ToCheckAddAndRemoveFromCart@f79e]" name="checkCart" class="TestScripts.ToCheckAddAndRemoveFromCart"/>
      </group> <!-- smoke -->
    </groups>
    <test started-at="2025-07-26T20:29:37 IST" name="Default test" finished-at="2025-07-26T20:30:02 IST" duration-ms="25346">
      <class name="TestScripts.ToCheckAddAndRemoveFromCart">
        <test-method is-config="true" signature="launchBrowser(java.lang.String)[pri:0, instance:TestScripts.ToCheckAddAndRemoveFromCart@f79e]" started-at="2025-07-26T20:29:37 IST" name="launchBrowser" finished-at="2025-07-26T20:29:39 IST" duration-ms="2051" status="PASS">
          <params>
            <param index="0">
              <value>
                <![CDATA[Chrome]]>
              </value>
            </param>
          </params>
          <reporter-output>
          </reporter-output>
        </test-method> <!-- launchBrowser -->
        <test-method is-config="true" signature="login()[pri:0, instance:TestScripts.ToCheckAddAndRemoveFromCart@f79e]" started-at="2025-07-26T20:29:39 IST" name="login" finished-at="2025-07-26T20:29:45 IST" duration-ms="6128" status="PASS">
          <reporter-output>
          </reporter-output>
        </test-method> <!-- login -->
        <test-method signature="checkCart()[pri:0, instance:TestScripts.ToCheckAddAndRemoveFromCart@f79e]" started-at="2025-07-26T20:29:45 IST" name="checkCart" finished-at="2025-07-26T20:30:01 IST" duration-ms="15650" status="PASS">
          <reporter-output>
          </reporter-output>
        </test-method> <!-- checkCart -->
        <test-method is-config="true" signature="logout()[pri:0, instance:TestScripts.ToCheckAddAndRemoveFromCart@f79e]" started-at="2025-07-26T20:30:01 IST" name="logout" finished-at="2025-07-26T20:30:02 IST" duration-ms="1170" status="PASS">
          <reporter-output>
          </reporter-output>
        </test-method> <!-- logout -->
        <test-method is-config="true" signature="closeBrowser()[pri:0, instance:TestScripts.ToCheckAddAndRemoveFromCart@f79e]" started-at="2025-07-26T20:30:02 IST" name="closeBrowser" finished-at="2025-07-26T20:30:02 IST" duration-ms="275" status="PASS">
          <reporter-output>
          </reporter-output>
        </test-method> <!-- closeBrowser -->
      </class> <!-- TestScripts.ToCheckAddAndRemoveFromCart -->
    </test> <!-- Default test -->
  </suite> <!-- Default suite -->
</testng-results>
